\BOOKMARK [0][-]{chapter.1}{Introducci\363n}{}% 1
\BOOKMARK [0][-]{chapter.2}{Marco te\363rico}{}% 2
\BOOKMARK [1][-]{section.2.1}{Desde las ecuaciones de Maxwell a propagaci\363n de la luz en gu\355as de onda diel\351ctricas}{chapter.2}% 3
\BOOKMARK [1][-]{section.2.2}{Soluciones anal\355ticas para gu\355a de onda tipo losa o slab}{chapter.2}% 4
\BOOKMARK [2][-]{subsection.2.2.1}{Modos TE}{section.2.2}% 5
\BOOKMARK [2][-]{subsection.2.2.2}{Modos TM}{section.2.2}% 6
\BOOKMARK [1][-]{section.2.3}{Soluciones anal\355ticas para fibra \363ptica circular}{chapter.2}% 7
\BOOKMARK [2][-]{subsection.2.3.1}{Modos TE}{section.2.3}% 8
\BOOKMARK [2][-]{subsection.2.3.2}{Modos TM}{section.2.3}% 9
\BOOKMARK [1][-]{section.2.4}{Modos normales en gu\355as de onda}{chapter.2}% 10
\BOOKMARK [1][-]{section.2.5}{Teor\355a de modos acoplados}{chapter.2}% 11
\BOOKMARK [0][-]{chapter.3}{M\351todos num\351ricos}{}% 12
\BOOKMARK [1][-]{section.3.1}{COMSOL: m\351todo de elementos finitos}{chapter.3}% 13
\BOOKMARK [1][-]{section.3.2}{Expansi\363n en modos normales}{chapter.3}% 14
\BOOKMARK [1][-]{section.3.3}{Beam Propagation Method}{chapter.3}% 15
\BOOKMARK [1][-]{section.3.4}{Ecuaciones din\341micas discretas tipo Schr\366dinger}{chapter.3}% 16
\BOOKMARK [0][-]{chapter.4}{M\351todos experimentales}{}% 17
\BOOKMARK [1][-]{section.4.1}{Escritura de gu\355as de onda}{chapter.4}% 18
\BOOKMARK [1][-]{section.4.2}{Montaje de excitaci\363n l\341ser supercontinuo}{chapter.4}% 19
\BOOKMARK [1][-]{section.4.3}{Montaje de modulaci\363n espacial de luz}{chapter.4}% 20
\BOOKMARK [2][-]{subsection.4.3.1}{Circuito \363ptico}{section.4.3}% 21
\BOOKMARK [2][-]{subsection.4.3.2}{Generaci\363n de hologramas}{section.4.3}% 22
\BOOKMARK [1][-]{section.4.4}{An\341lisis de im\341genes}{chapter.4}% 23
\BOOKMARK [0][-]{chapter.5}{Mol\351culas Fot\363nicas}{}% 24
\BOOKMARK [0][-]{chapter.6}{Acoplamiento interorbital SP}{}% 25
\BOOKMARK [0][-]{chapter.7}{\301ngulo m\341gico en modos P}{}% 26
\BOOKMARK [0][-]{chapter.8}{Haces con momentum orbital angular \(OAM\)}{}% 27
\BOOKMARK [0][-]{chapter.9}{Conclusiones}{}% 28
\BOOKMARK [0][-]{chapter*.12}{Bibliograf\355a}{}% 29
\BOOKMARK [0][-]{Appendix.alph1.Alph1}{Ap\351ndice Ortogonalidad de los modos normales }{}% 30
\BOOKMARK [0][-]{Appendix.alph1.Alph2}{Ap\351ndice C\363digo en Python para c\341lculo de modos normales }{}% 31
\BOOKMARK [0][-]{Appendix.alph1.Alph3}{Ap\351ndice C\363digo en C de BPM }{}% 32
\BOOKMARK [0][-]{Appendix.alph1.Alph4}{Ap\351ndice C\363digo en Python generador de hologramas }{}% 33
